<?xml version="1.0" encoding="UTF-8"?>
<testsuite xmlns:xsi="http://www.w3.org/2001/XMLSchema-instance" xsi:noNamespaceSchemaLocation="https://maven.apache.org/surefire/maven-surefire-plugin/xsd/surefire-test-report.xsd" name="jnp2.AppTest" time="0.071" tests="1" errors="0" skipped="0" failures="0">
  <properties>
    <property name="sun.desktop" value="gnome"/>
    <property name="awt.toolkit" value="sun.awt.X11.XToolkit"/>
    <property name="java.specification.version" value="11"/>
    <property name="sun.cpu.isalist" value=""/>
    <property name="sun.jnu.encoding" value="UTF-8"/>
    <property name="java.class.path" value="/home/malgorzatka/Pulpit/STUDIA/4 semestr/JNP2/mb406094/go-outside-reminder/target/test-classes:/home/malgorzatka/Pulpit/STUDIA/4 semestr/JNP2/mb406094/go-outside-reminder/target/classes:/home/malgorzatka/.m2/repository/junit/junit/4.11/junit-4.11.jar:/home/malgorzatka/.m2/repository/org/hamcrest/hamcrest-core/1.3/hamcrest-core-1.3.jar:/home/malgorzatka/.m2/repository/org/apache/camel/camel-core/3.2.0/camel-core-3.2.0.jar:/home/malgorzatka/.m2/repository/org/apache/camel/camel-core-engine/3.2.0/camel-core-engine-3.2.0.jar:/home/malgorzatka/.m2/repository/org/apache/camel/camel-api/3.2.0/camel-api-3.2.0.jar:/home/malgorzatka/.m2/repository/org/apache/camel/camel-base/3.2.0/camel-base-3.2.0.jar:/home/malgorzatka/.m2/repository/org/apache/camel/camel-management-api/3.2.0/camel-management-api-3.2.0.jar:/home/malgorzatka/.m2/repository/org/apache/camel/camel-util/3.2.0/camel-util-3.2.0.jar:/home/malgorzatka/.m2/repository/org/apache/camel/camel-core-languages/3.2.0/camel-core-languages-3.2.0.jar:/home/malgorzatka/.m2/repository/org/apache/camel/camel-bean/3.2.0/camel-bean-3.2.0.jar:/home/malgorzatka/.m2/repository/org/apache/camel/camel-browse/3.2.0/camel-browse-3.2.0.jar:/home/malgorzatka/.m2/repository/org/apache/camel/camel-caffeine-lrucache/3.2.0/camel-caffeine-lrucache-3.2.0.jar:/home/malgorzatka/.m2/repository/com/github/ben-manes/caffeine/caffeine/2.8.1/caffeine-2.8.1.jar:/home/malgorzatka/.m2/repository/org/apache/camel/camel-cluster/3.2.0/camel-cluster-3.2.0.jar:/home/malgorzatka/.m2/repository/org/apache/camel/camel-controlbus/3.2.0/camel-controlbus-3.2.0.jar:/home/malgorzatka/.m2/repository/org/apache/camel/camel-dataformat/3.2.0/camel-dataformat-3.2.0.jar:/home/malgorzatka/.m2/repository/org/apache/camel/camel-dataset/3.2.0/camel-dataset-3.2.0.jar:/home/malgorzatka/.m2/repository/org/apache/camel/camel-direct/3.2.0/camel-direct-3.2.0.jar:/home/malgorzatka/.m2/repository/org/apache/camel/camel-directvm/3.2.0/camel-directvm-3.2.0.jar:/home/malgorzatka/.m2/repository/org/apache/camel/camel-file/3.2.0/camel-file-3.2.0.jar:/home/malgorzatka/.m2/repository/org/apache/camel/camel-core-catalog/3.2.0/camel-core-catalog-3.2.0.jar:/home/malgorzatka/.m2/repository/org/apache/camel/camel-language/3.2.0/camel-language-3.2.0.jar:/home/malgorzatka/.m2/repository/org/apache/camel/camel-log/3.2.0/camel-log-3.2.0.jar:/home/malgorzatka/.m2/repository/org/apache/camel/camel-mock/3.2.0/camel-mock-3.2.0.jar:/home/malgorzatka/.m2/repository/org/apache/camel/camel-ref/3.2.0/camel-ref-3.2.0.jar:/home/malgorzatka/.m2/repository/org/apache/camel/camel-rest/3.2.0/camel-rest-3.2.0.jar:/home/malgorzatka/.m2/repository/org/apache/camel/camel-tooling-model/3.2.0/camel-tooling-model-3.2.0.jar:/home/malgorzatka/.m2/repository/org/apache/camel/camel-util-json/3.2.0/camel-util-json-3.2.0.jar:/home/malgorzatka/.m2/repository/org/apache/camel/camel-saga/3.2.0/camel-saga-3.2.0.jar:/home/malgorzatka/.m2/repository/org/apache/camel/camel-scheduler/3.2.0/camel-scheduler-3.2.0.jar:/home/malgorzatka/.m2/repository/org/apache/camel/camel-seda/3.2.0/camel-seda-3.2.0.jar:/home/malgorzatka/.m2/repository/org/apache/camel/camel-stub/3.2.0/camel-stub-3.2.0.jar:/home/malgorzatka/.m2/repository/org/apache/camel/camel-timer/3.2.0/camel-timer-3.2.0.jar:/home/malgorzatka/.m2/repository/org/apache/camel/camel-validator/3.2.0/camel-validator-3.2.0.jar:/home/malgorzatka/.m2/repository/org/apache/camel/camel-xml-jaxp/3.2.0/camel-xml-jaxp-3.2.0.jar:/home/malgorzatka/.m2/repository/org/apache/camel/camel-vm/3.2.0/camel-vm-3.2.0.jar:/home/malgorzatka/.m2/repository/org/apache/camel/camel-xpath/3.2.0/camel-xpath-3.2.0.jar:/home/malgorzatka/.m2/repository/org/apache/camel/camel-xslt/3.2.0/camel-xslt-3.2.0.jar:/home/malgorzatka/.m2/repository/org/apache/camel/camel-xml-jaxb/3.2.0/camel-xml-jaxb-3.2.0.jar:/home/malgorzatka/.m2/repository/jakarta/xml/bind/jakarta.xml.bind-api/2.3.2/jakarta.xml.bind-api-2.3.2.jar:/home/malgorzatka/.m2/repository/jakarta/activation/jakarta.activation-api/1.2.1/jakarta.activation-api-1.2.1.jar:/home/malgorzatka/.m2/repository/com/sun/xml/bind/jaxb-core/2.3.0/jaxb-core-2.3.0.jar:/home/malgorzatka/.m2/repository/com/sun/xml/bind/jaxb-impl/2.3.0/jaxb-impl-2.3.0.jar:/home/malgorzatka/.m2/repository/org/slf4j/slf4j-api/1.7.30/slf4j-api-1.7.30.jar:/home/malgorzatka/.m2/repository/org/apache/camel/camel-weather/3.2.0/camel-weather-3.2.0.jar:/home/malgorzatka/.m2/repository/org/apache/camel/camel-support/3.2.0/camel-support-3.2.0.jar:/home/malgorzatka/.m2/repository/org/apache/httpcomponents/httpclient/4.5.12/httpclient-4.5.12.jar:/home/malgorzatka/.m2/repository/org/apache/httpcomponents/httpcore/4.4.13/httpcore-4.4.13.jar:/home/malgorzatka/.m2/repository/commons-codec/commons-codec/1.11/commons-codec-1.11.jar:/home/malgorzatka/.m2/repository/com/fasterxml/jackson/core/jackson-core/2.10.3/jackson-core-2.10.3.jar:/home/malgorzatka/.m2/repository/com/fasterxml/jackson/core/jackson-annotations/2.10.3/jackson-annotations-2.10.3.jar:/home/malgorzatka/.m2/repository/com/fasterxml/jackson/core/jackson-databind/2.10.3/jackson-databind-2.10.3.jar:/home/malgorzatka/.m2/repository/org/apache/camel/camel-jms/3.2.0/camel-jms-3.2.0.jar:/home/malgorzatka/.m2/repository/org/apache/camel/camel-spring/3.2.0/camel-spring-3.2.0.jar:/home/malgorzatka/.m2/repository/org/apache/camel/camel-main/3.2.0/camel-main-3.2.0.jar:/home/malgorzatka/.m2/repository/org/apache/camel/camel-core-xml/3.2.0/camel-core-xml-3.2.0.jar:/home/malgorzatka/.m2/repository/org/springframework/spring-core/5.2.5.RELEASE/spring-core-5.2.5.RELEASE.jar:/home/malgorzatka/.m2/repository/org/springframework/spring-jcl/5.2.5.RELEASE/spring-jcl-5.2.5.RELEASE.jar:/home/malgorzatka/.m2/repository/org/springframework/spring-aop/5.2.5.RELEASE/spring-aop-5.2.5.RELEASE.jar:/home/malgorzatka/.m2/repository/org/springframework/spring-expression/5.2.5.RELEASE/spring-expression-5.2.5.RELEASE.jar:/home/malgorzatka/.m2/repository/org/springframework/spring-jms/5.2.5.RELEASE/spring-jms-5.2.5.RELEASE.jar:/home/malgorzatka/.m2/repository/org/springframework/spring-messaging/5.2.5.RELEASE/spring-messaging-5.2.5.RELEASE.jar:/home/malgorzatka/.m2/repository/org/springframework/spring-context/5.2.5.RELEASE/spring-context-5.2.5.RELEASE.jar:/home/malgorzatka/.m2/repository/org/springframework/spring-tx/5.2.5.RELEASE/spring-tx-5.2.5.RELEASE.jar:/home/malgorzatka/.m2/repository/org/springframework/spring-beans/5.2.5.RELEASE/spring-beans-5.2.5.RELEASE.jar:/home/malgorzatka/.m2/repository/org/apache/geronimo/specs/geronimo-jms_2.0_spec/1.0-alpha-2/geronimo-jms_2.0_spec-1.0-alpha-2.jar:/home/malgorzatka/.m2/repository/org/apache/activemq/activemq-broker/5.15.12/activemq-broker-5.15.12.jar:/home/malgorzatka/.m2/repository/org/apache/activemq/activemq-openwire-legacy/5.15.12/activemq-openwire-legacy-5.15.12.jar:/home/malgorzatka/.m2/repository/com/google/guava/guava/28.2-jre/guava-28.2-jre.jar:/home/malgorzatka/.m2/repository/com/google/guava/failureaccess/1.0.1/failureaccess-1.0.1.jar:/home/malgorzatka/.m2/repository/com/google/guava/listenablefuture/9999.0-empty-to-avoid-conflict-with-guava/listenablefuture-9999.0-empty-to-avoid-conflict-with-guava.jar:/home/malgorzatka/.m2/repository/com/google/code/findbugs/jsr305/3.0.2/jsr305-3.0.2.jar:/home/malgorzatka/.m2/repository/org/checkerframework/checker-qual/2.10.0/checker-qual-2.10.0.jar:/home/malgorzatka/.m2/repository/com/google/errorprone/error_prone_annotations/2.3.4/error_prone_annotations-2.3.4.jar:/home/malgorzatka/.m2/repository/com/google/j2objc/j2objc-annotations/1.3/j2objc-annotations-1.3.jar:/home/malgorzatka/.m2/repository/org/apache/activemq/activemq-client/5.15.12/activemq-client-5.15.12.jar:/home/malgorzatka/.m2/repository/org/fusesource/hawtbuf/hawtbuf/1.11/hawtbuf-1.11.jar:/home/malgorzatka/.m2/repository/org/apache/geronimo/specs/geronimo-j2ee-management_1.1_spec/1.0.1/geronimo-j2ee-management_1.1_spec-1.0.1.jar:/home/malgorzatka/.m2/repository/org/apache/camel/camel-activemq/3.2.0/camel-activemq-3.2.0.jar:/home/malgorzatka/.m2/repository/org/apache/activemq/activemq-spring/5.15.12/activemq-spring-5.15.12.jar:/home/malgorzatka/.m2/repository/org/apache/geronimo/specs/geronimo-jta_1.1_spec/1.1.1/geronimo-jta_1.1_spec-1.1.1.jar:/home/malgorzatka/.m2/repository/org/apache/commons/commons-pool2/2.8.0/commons-pool2-2.8.0.jar:/home/malgorzatka/.m2/repository/org/apache/activemq/activemq-pool/5.15.12/activemq-pool-5.15.12.jar:/home/malgorzatka/.m2/repository/org/apache/activemq/activemq-jms-pool/5.15.12/activemq-jms-pool-5.15.12.jar:/home/malgorzatka/.m2/repository/org/apache/xbean/xbean-spring/4.14/xbean-spring-4.14.jar:/home/malgorzatka/.m2/repository/commons-logging/commons-logging/1.0.3/commons-logging-1.0.3.jar:/home/malgorzatka/.m2/repository/org/apache/logging/log4j/log4j-api/2.13.2/log4j-api-2.13.2.jar:/home/malgorzatka/.m2/repository/org/apache/logging/log4j/log4j-core/2.13.2/log4j-core-2.13.2.jar:/home/malgorzatka/.m2/repository/org/apache/logging/log4j/log4j-slf4j-impl/2.13.2/log4j-slf4j-impl-2.13.2.jar:"/>
    <property name="java.vm.vendor" value="Ubuntu"/>
    <property name="sun.arch.data.model" value="64"/>
    <property name="java.vendor.url" value="https://ubuntu.com/"/>
    <property name="user.timezone" value=""/>
    <property name="java.vm.specification.version" value="11"/>
    <property name="os.name" value="Linux"/>
    <property name="sun.java.launcher" value="SUN_STANDARD"/>
    <property name="user.country" value="PL"/>
    <property name="sun.boot.library.path" value="/usr/lib/jvm/java-11-openjdk-amd64/lib"/>
    <property name="sun.java.command" value="/home/malgorzatka/Pulpit/STUDIA/4 semestr/JNP2/mb406094/go-outside-reminder/target/surefire/surefirebooter16167112967683047782.jar /home/malgorzatka/Pulpit/STUDIA/4 semestr/JNP2/mb406094/go-outside-reminder/target/surefire 2020-05-07T17-03-28_784-jvmRun1 surefire3478291653158730676tmp surefire_010310316441485952268tmp"/>
    <property name="jdk.debug" value="release"/>
    <property name="surefire.test.class.path" value="/home/malgorzatka/Pulpit/STUDIA/4 semestr/JNP2/mb406094/go-outside-reminder/target/test-classes:/home/malgorzatka/Pulpit/STUDIA/4 semestr/JNP2/mb406094/go-outside-reminder/target/classes:/home/malgorzatka/.m2/repository/junit/junit/4.11/junit-4.11.jar:/home/malgorzatka/.m2/repository/org/hamcrest/hamcrest-core/1.3/hamcrest-core-1.3.jar:/home/malgorzatka/.m2/repository/org/apache/camel/camel-core/3.2.0/camel-core-3.2.0.jar:/home/malgorzatka/.m2/repository/org/apache/camel/camel-core-engine/3.2.0/camel-core-engine-3.2.0.jar:/home/malgorzatka/.m2/repository/org/apache/camel/camel-api/3.2.0/camel-api-3.2.0.jar:/home/malgorzatka/.m2/repository/org/apache/camel/camel-base/3.2.0/camel-base-3.2.0.jar:/home/malgorzatka/.m2/repository/org/apache/camel/camel-management-api/3.2.0/camel-management-api-3.2.0.jar:/home/malgorzatka/.m2/repository/org/apache/camel/camel-util/3.2.0/camel-util-3.2.0.jar:/home/malgorzatka/.m2/repository/org/apache/camel/camel-core-languages/3.2.0/camel-core-languages-3.2.0.jar:/home/malgorzatka/.m2/repository/org/apache/camel/camel-bean/3.2.0/camel-bean-3.2.0.jar:/home/malgorzatka/.m2/repository/org/apache/camel/camel-browse/3.2.0/camel-browse-3.2.0.jar:/home/malgorzatka/.m2/repository/org/apache/camel/camel-caffeine-lrucache/3.2.0/camel-caffeine-lrucache-3.2.0.jar:/home/malgorzatka/.m2/repository/com/github/ben-manes/caffeine/caffeine/2.8.1/caffeine-2.8.1.jar:/home/malgorzatka/.m2/repository/org/apache/camel/camel-cluster/3.2.0/camel-cluster-3.2.0.jar:/home/malgorzatka/.m2/repository/org/apache/camel/camel-controlbus/3.2.0/camel-controlbus-3.2.0.jar:/home/malgorzatka/.m2/repository/org/apache/camel/camel-dataformat/3.2.0/camel-dataformat-3.2.0.jar:/home/malgorzatka/.m2/repository/org/apache/camel/camel-dataset/3.2.0/camel-dataset-3.2.0.jar:/home/malgorzatka/.m2/repository/org/apache/camel/camel-direct/3.2.0/camel-direct-3.2.0.jar:/home/malgorzatka/.m2/repository/org/apache/camel/camel-directvm/3.2.0/camel-directvm-3.2.0.jar:/home/malgorzatka/.m2/repository/org/apache/camel/camel-file/3.2.0/camel-file-3.2.0.jar:/home/malgorzatka/.m2/repository/org/apache/camel/camel-core-catalog/3.2.0/camel-core-catalog-3.2.0.jar:/home/malgorzatka/.m2/repository/org/apache/camel/camel-language/3.2.0/camel-language-3.2.0.jar:/home/malgorzatka/.m2/repository/org/apache/camel/camel-log/3.2.0/camel-log-3.2.0.jar:/home/malgorzatka/.m2/repository/org/apache/camel/camel-mock/3.2.0/camel-mock-3.2.0.jar:/home/malgorzatka/.m2/repository/org/apache/camel/camel-ref/3.2.0/camel-ref-3.2.0.jar:/home/malgorzatka/.m2/repository/org/apache/camel/camel-rest/3.2.0/camel-rest-3.2.0.jar:/home/malgorzatka/.m2/repository/org/apache/camel/camel-tooling-model/3.2.0/camel-tooling-model-3.2.0.jar:/home/malgorzatka/.m2/repository/org/apache/camel/camel-util-json/3.2.0/camel-util-json-3.2.0.jar:/home/malgorzatka/.m2/repository/org/apache/camel/camel-saga/3.2.0/camel-saga-3.2.0.jar:/home/malgorzatka/.m2/repository/org/apache/camel/camel-scheduler/3.2.0/camel-scheduler-3.2.0.jar:/home/malgorzatka/.m2/repository/org/apache/camel/camel-seda/3.2.0/camel-seda-3.2.0.jar:/home/malgorzatka/.m2/repository/org/apache/camel/camel-stub/3.2.0/camel-stub-3.2.0.jar:/home/malgorzatka/.m2/repository/org/apache/camel/camel-timer/3.2.0/camel-timer-3.2.0.jar:/home/malgorzatka/.m2/repository/org/apache/camel/camel-validator/3.2.0/camel-validator-3.2.0.jar:/home/malgorzatka/.m2/repository/org/apache/camel/camel-xml-jaxp/3.2.0/camel-xml-jaxp-3.2.0.jar:/home/malgorzatka/.m2/repository/org/apache/camel/camel-vm/3.2.0/camel-vm-3.2.0.jar:/home/malgorzatka/.m2/repository/org/apache/camel/camel-xpath/3.2.0/camel-xpath-3.2.0.jar:/home/malgorzatka/.m2/repository/org/apache/camel/camel-xslt/3.2.0/camel-xslt-3.2.0.jar:/home/malgorzatka/.m2/repository/org/apache/camel/camel-xml-jaxb/3.2.0/camel-xml-jaxb-3.2.0.jar:/home/malgorzatka/.m2/repository/jakarta/xml/bind/jakarta.xml.bind-api/2.3.2/jakarta.xml.bind-api-2.3.2.jar:/home/malgorzatka/.m2/repository/jakarta/activation/jakarta.activation-api/1.2.1/jakarta.activation-api-1.2.1.jar:/home/malgorzatka/.m2/repository/com/sun/xml/bind/jaxb-core/2.3.0/jaxb-core-2.3.0.jar:/home/malgorzatka/.m2/repository/com/sun/xml/bind/jaxb-impl/2.3.0/jaxb-impl-2.3.0.jar:/home/malgorzatka/.m2/repository/org/slf4j/slf4j-api/1.7.30/slf4j-api-1.7.30.jar:/home/malgorzatka/.m2/repository/org/apache/camel/camel-weather/3.2.0/camel-weather-3.2.0.jar:/home/malgorzatka/.m2/repository/org/apache/camel/camel-support/3.2.0/camel-support-3.2.0.jar:/home/malgorzatka/.m2/repository/org/apache/httpcomponents/httpclient/4.5.12/httpclient-4.5.12.jar:/home/malgorzatka/.m2/repository/org/apache/httpcomponents/httpcore/4.4.13/httpcore-4.4.13.jar:/home/malgorzatka/.m2/repository/commons-codec/commons-codec/1.11/commons-codec-1.11.jar:/home/malgorzatka/.m2/repository/com/fasterxml/jackson/core/jackson-core/2.10.3/jackson-core-2.10.3.jar:/home/malgorzatka/.m2/repository/com/fasterxml/jackson/core/jackson-annotations/2.10.3/jackson-annotations-2.10.3.jar:/home/malgorzatka/.m2/repository/com/fasterxml/jackson/core/jackson-databind/2.10.3/jackson-databind-2.10.3.jar:/home/malgorzatka/.m2/repository/org/apache/camel/camel-jms/3.2.0/camel-jms-3.2.0.jar:/home/malgorzatka/.m2/repository/org/apache/camel/camel-spring/3.2.0/camel-spring-3.2.0.jar:/home/malgorzatka/.m2/repository/org/apache/camel/camel-main/3.2.0/camel-main-3.2.0.jar:/home/malgorzatka/.m2/repository/org/apache/camel/camel-core-xml/3.2.0/camel-core-xml-3.2.0.jar:/home/malgorzatka/.m2/repository/org/springframework/spring-core/5.2.5.RELEASE/spring-core-5.2.5.RELEASE.jar:/home/malgorzatka/.m2/repository/org/springframework/spring-jcl/5.2.5.RELEASE/spring-jcl-5.2.5.RELEASE.jar:/home/malgorzatka/.m2/repository/org/springframework/spring-aop/5.2.5.RELEASE/spring-aop-5.2.5.RELEASE.jar:/home/malgorzatka/.m2/repository/org/springframework/spring-expression/5.2.5.RELEASE/spring-expression-5.2.5.RELEASE.jar:/home/malgorzatka/.m2/repository/org/springframework/spring-jms/5.2.5.RELEASE/spring-jms-5.2.5.RELEASE.jar:/home/malgorzatka/.m2/repository/org/springframework/spring-messaging/5.2.5.RELEASE/spring-messaging-5.2.5.RELEASE.jar:/home/malgorzatka/.m2/repository/org/springframework/spring-context/5.2.5.RELEASE/spring-context-5.2.5.RELEASE.jar:/home/malgorzatka/.m2/repository/org/springframework/spring-tx/5.2.5.RELEASE/spring-tx-5.2.5.RELEASE.jar:/home/malgorzatka/.m2/repository/org/springframework/spring-beans/5.2.5.RELEASE/spring-beans-5.2.5.RELEASE.jar:/home/malgorzatka/.m2/repository/org/apache/geronimo/specs/geronimo-jms_2.0_spec/1.0-alpha-2/geronimo-jms_2.0_spec-1.0-alpha-2.jar:/home/malgorzatka/.m2/repository/org/apache/activemq/activemq-broker/5.15.12/activemq-broker-5.15.12.jar:/home/malgorzatka/.m2/repository/org/apache/activemq/activemq-openwire-legacy/5.15.12/activemq-openwire-legacy-5.15.12.jar:/home/malgorzatka/.m2/repository/com/google/guava/guava/28.2-jre/guava-28.2-jre.jar:/home/malgorzatka/.m2/repository/com/google/guava/failureaccess/1.0.1/failureaccess-1.0.1.jar:/home/malgorzatka/.m2/repository/com/google/guava/listenablefuture/9999.0-empty-to-avoid-conflict-with-guava/listenablefuture-9999.0-empty-to-avoid-conflict-with-guava.jar:/home/malgorzatka/.m2/repository/com/google/code/findbugs/jsr305/3.0.2/jsr305-3.0.2.jar:/home/malgorzatka/.m2/repository/org/checkerframework/checker-qual/2.10.0/checker-qual-2.10.0.jar:/home/malgorzatka/.m2/repository/com/google/errorprone/error_prone_annotations/2.3.4/error_prone_annotations-2.3.4.jar:/home/malgorzatka/.m2/repository/com/google/j2objc/j2objc-annotations/1.3/j2objc-annotations-1.3.jar:/home/malgorzatka/.m2/repository/org/apache/activemq/activemq-client/5.15.12/activemq-client-5.15.12.jar:/home/malgorzatka/.m2/repository/org/fusesource/hawtbuf/hawtbuf/1.11/hawtbuf-1.11.jar:/home/malgorzatka/.m2/repository/org/apache/geronimo/specs/geronimo-j2ee-management_1.1_spec/1.0.1/geronimo-j2ee-management_1.1_spec-1.0.1.jar:/home/malgorzatka/.m2/repository/org/apache/camel/camel-activemq/3.2.0/camel-activemq-3.2.0.jar:/home/malgorzatka/.m2/repository/org/apache/activemq/activemq-spring/5.15.12/activemq-spring-5.15.12.jar:/home/malgorzatka/.m2/repository/org/apache/geronimo/specs/geronimo-jta_1.1_spec/1.1.1/geronimo-jta_1.1_spec-1.1.1.jar:/home/malgorzatka/.m2/repository/org/apache/commons/commons-pool2/2.8.0/commons-pool2-2.8.0.jar:/home/malgorzatka/.m2/repository/org/apache/activemq/activemq-pool/5.15.12/activemq-pool-5.15.12.jar:/home/malgorzatka/.m2/repository/org/apache/activemq/activemq-jms-pool/5.15.12/activemq-jms-pool-5.15.12.jar:/home/malgorzatka/.m2/repository/org/apache/xbean/xbean-spring/4.14/xbean-spring-4.14.jar:/home/malgorzatka/.m2/repository/commons-logging/commons-logging/1.0.3/commons-logging-1.0.3.jar:/home/malgorzatka/.m2/repository/org/apache/logging/log4j/log4j-api/2.13.2/log4j-api-2.13.2.jar:/home/malgorzatka/.m2/repository/org/apache/logging/log4j/log4j-core/2.13.2/log4j-core-2.13.2.jar:/home/malgorzatka/.m2/repository/org/apache/logging/log4j/log4j-slf4j-impl/2.13.2/log4j-slf4j-impl-2.13.2.jar:"/>
    <property name="sun.cpu.endian" value="little"/>
    <property name="user.home" value="/home/malgorzatka"/>
    <property name="user.language" value="pl"/>
    <property name="java.specification.vendor" value="Oracle Corporation"/>
    <property name="java.version.date" value="2020-01-14"/>
    <property name="java.home" value="/usr/lib/jvm/java-11-openjdk-amd64"/>
    <property name="file.separator" value="/"/>
    <property name="basedir" value="/home/malgorzatka/Pulpit/STUDIA/4 semestr/JNP2/mb406094/go-outside-reminder"/>
    <property name="java.vm.compressedOopsMode" value="32-bit"/>
    <property name="line.separator" value="&#10;"/>
    <property name="java.specification.name" value="Java Platform API Specification"/>
    <property name="java.vm.specification.vendor" value="Oracle Corporation"/>
    <property name="java.awt.graphicsenv" value="sun.awt.X11GraphicsEnvironment"/>
    <property name="surefire.real.class.path" value="/home/malgorzatka/Pulpit/STUDIA/4 semestr/JNP2/mb406094/go-outside-reminder/target/surefire/surefirebooter16167112967683047782.jar"/>
    <property name="sun.management.compiler" value="HotSpot 64-Bit Tiered Compilers"/>
    <property name="java.runtime.version" value="11.0.6+10-post-Ubuntu-1ubuntu118.04.1"/>
    <property name="user.name" value="malgorzatka"/>
    <property name="path.separator" value=":"/>
    <property name="os.version" value="5.1.0+"/>
    <property name="java.runtime.name" value="OpenJDK Runtime Environment"/>
    <property name="file.encoding" value="UTF-8"/>
    <property name="java.vm.name" value="OpenJDK 64-Bit Server VM"/>
    <property name="localRepository" value="/home/malgorzatka/.m2/repository"/>
    <property name="java.vendor.url.bug" value="https://bugs.launchpad.net/ubuntu/+source/openjdk-lts"/>
    <property name="java.io.tmpdir" value="/tmp"/>
    <property name="java.version" value="11.0.6"/>
    <property name="user.dir" value="/home/malgorzatka/Pulpit/STUDIA/4 semestr/JNP2/mb406094/go-outside-reminder"/>
    <property name="os.arch" value="amd64"/>
    <property name="java.vm.specification.name" value="Java Virtual Machine Specification"/>
    <property name="java.awt.printerjob" value="sun.print.PSPrinterJob"/>
    <property name="sun.os.patch.level" value="unknown"/>
    <property name="java.library.path" value="/usr/java/packages/lib:/usr/lib/x86_64-linux-gnu/jni:/lib/x86_64-linux-gnu:/usr/lib/x86_64-linux-gnu:/usr/lib/jni:/lib:/usr/lib"/>
    <property name="java.vendor" value="Ubuntu"/>
    <property name="java.vm.info" value="mixed mode, sharing"/>
    <property name="java.vm.version" value="11.0.6+10-post-Ubuntu-1ubuntu118.04.1"/>
    <property name="sun.io.unicode.encoding" value="UnicodeLittle"/>
    <property name="java.class.version" value="55.0"/>
  </properties>
  <testcase name="shouldAnswerWithTrue" classname="jnp2.AppTest" time="0.004"/>
</testsuite>